1575838460014	mozrunner::runner	INFO	Running command: "/usr/bin/firefox" "-marionette" "-foreground" "-no-remote" "-profile" "/tmp/rust_mozprofile.kc8ZN7XyxxeI"
1575838461008	addons.webextension.screenshots@mozilla.org	WARN	Loading extension 'screenshots@mozilla.org': Reading manifest: Invalid extension permission: mozillaAddons
1575838461008	addons.webextension.screenshots@mozilla.org	WARN	Loading extension 'screenshots@mozilla.org': Reading manifest: Invalid extension permission: telemetry
1575838461009	addons.webextension.screenshots@mozilla.org	WARN	Loading extension 'screenshots@mozilla.org': Reading manifest: Invalid extension permission: resource://pdf.js/
1575838461009	addons.webextension.screenshots@mozilla.org	WARN	Loading extension 'screenshots@mozilla.org': Reading manifest: Invalid extension permission: about:reader*
JavaScript error: resource:///modules/sessionstore/SessionStore.jsm, line 1325: uncaught exception: 2147746065
1575838464390	Marionette	INFO	Listening on port 33603
1575838464431	Marionette	WARN	TLS certificate errors will be ignored for this session

###!!! [Child][MessageChannel] Error: (msgtype=0x530005,name=PHttpChannel::Msg_Cancel) Closed channel: cannot send/recv

[Parent 15219, Gecko_IOThread] WARNING: pipe error (106): Соединение разорвано другой стороной: file /build/firefox-esr-9TSFEX/firefox-esr-68.2.0esr/ipc/chromium/src/chrome/common/ipc_channel_posix.cc, line 358
1575838475808	Marionette	INFO	Stopped listening on port 33603
1575838628694	mozrunner::runner	INFO	Running command: "/usr/bin/firefox" "-marionette" "-foreground" "-no-remote" "-profile" "/tmp/rust_mozprofile.tQ5NmzCIMaQo"
1575838629684	addons.webextension.screenshots@mozilla.org	WARN	Loading extension 'screenshots@mozilla.org': Reading manifest: Invalid extension permission: mozillaAddons
1575838629684	addons.webextension.screenshots@mozilla.org	WARN	Loading extension 'screenshots@mozilla.org': Reading manifest: Invalid extension permission: telemetry
1575838629685	addons.webextension.screenshots@mozilla.org	WARN	Loading extension 'screenshots@mozilla.org': Reading manifest: Invalid extension permission: resource://pdf.js/
1575838629685	addons.webextension.screenshots@mozilla.org	WARN	Loading extension 'screenshots@mozilla.org': Reading manifest: Invalid extension permission: about:reader*
JavaScript error: resource:///modules/sessionstore/SessionStore.jsm, line 1325: uncaught exception: 2147746065
1575838633145	Marionette	INFO	Listening on port 44135
1575838633213	Marionette	WARN	TLS certificate errors will be ignored for this session
1575838642511	Marionette	INFO	Stopped listening on port 44135

###!!! [Parent][RunMessage] Error: Channel closing: too late to send/recv, messages will be lost

1575838709539	mozrunner::runner	INFO	Running command: "/usr/bin/firefox" "-marionette" "-foreground" "-no-remote" "-profile" "/tmp/rust_mozprofile.HbBNaZqMXmgH"
1575838710498	addons.webextension.screenshots@mozilla.org	WARN	Loading extension 'screenshots@mozilla.org': Reading manifest: Invalid extension permission: mozillaAddons
1575838710498	addons.webextension.screenshots@mozilla.org	WARN	Loading extension 'screenshots@mozilla.org': Reading manifest: Invalid extension permission: telemetry
1575838710499	addons.webextension.screenshots@mozilla.org	WARN	Loading extension 'screenshots@mozilla.org': Reading manifest: Invalid extension permission: resource://pdf.js/
1575838710499	addons.webextension.screenshots@mozilla.org	WARN	Loading extension 'screenshots@mozilla.org': Reading manifest: Invalid extension permission: about:reader*
JavaScript error: resource:///modules/sessionstore/SessionStore.jsm, line 1325: uncaught exception: 2147746065
1575838713839	Marionette	INFO	Listening on port 45067
1575838713860	Marionette	WARN	TLS certificate errors will be ignored for this session
1575838717112	mozrunner::runner	INFO	Running command: "/usr/bin/firefox" "-marionette" "-foreground" "-no-remote" "-profile" "/tmp/rust_mozprofile.k3OFNRKGY6Py"
1575838718256	addons.webextension.screenshots@mozilla.org	WARN	Loading extension 'screenshots@mozilla.org': Reading manifest: Invalid extension permission: mozillaAddons
1575838718256	addons.webextension.screenshots@mozilla.org	WARN	Loading extension 'screenshots@mozilla.org': Reading manifest: Invalid extension permission: telemetry
1575838718257	addons.webextension.screenshots@mozilla.org	WARN	Loading extension 'screenshots@mozilla.org': Reading manifest: Invalid extension permission: resource://pdf.js/
1575838718257	addons.webextension.screenshots@mozilla.org	WARN	Loading extension 'screenshots@mozilla.org': Reading manifest: Invalid extension permission: about:reader*
JavaScript error: resource:///modules/sessionstore/SessionStore.jsm, line 1325: uncaught exception: 2147746065
1575838722025	Marionette	INFO	Listening on port 40593
1575838722040	Marionette	WARN	TLS certificate errors will be ignored for this session
[Parent 15929, Gecko_IOThread] WARNING: pipe error (117): Соединение разорвано другой стороной: file /build/firefox-esr-9TSFEX/firefox-esr-68.2.0esr/ipc/chromium/src/chrome/common/ipc_channel_posix.cc, line 358
[Parent 15759, Gecko_IOThread] WARNING: pipe error (138): Соединение разорвано другой стороной: file /build/firefox-esr-9TSFEX/firefox-esr-68.2.0esr/ipc/chromium/src/chrome/common/ipc_channel_posix.cc, line 358
[Parent 15929, Gecko_IOThread] WARNING: pipe error: Обрыв канала: file /build/firefox-esr-9TSFEX/firefox-esr-68.2.0esr/ipc/chromium/src/chrome/common/ipc_channel_posix.cc, line 727
1575838732063	Marionette	INFO	Stopped listening on port 40593
1575838733728	Marionette	INFO	Stopped listening on port 45067
1575838991906	mozrunner::runner	INFO	Running command: "/usr/bin/firefox" "-marionette" "-foreground" "-no-remote" "-profile" "/tmp/rust_mozprofile.8MHUfxZDMdcw"
1575838992880	addons.webextension.screenshots@mozilla.org	WARN	Loading extension 'screenshots@mozilla.org': Reading manifest: Invalid extension permission: mozillaAddons
1575838992880	addons.webextension.screenshots@mozilla.org	WARN	Loading extension 'screenshots@mozilla.org': Reading manifest: Invalid extension permission: telemetry
1575838992880	addons.webextension.screenshots@mozilla.org	WARN	Loading extension 'screenshots@mozilla.org': Reading manifest: Invalid extension permission: resource://pdf.js/
1575838992880	addons.webextension.screenshots@mozilla.org	WARN	Loading extension 'screenshots@mozilla.org': Reading manifest: Invalid extension permission: about:reader*
JavaScript error: resource:///modules/sessionstore/SessionStore.jsm, line 1325: uncaught exception: 2147746065
1575838996163	Marionette	INFO	Listening on port 45403
1575838996221	Marionette	WARN	TLS certificate errors will be ignored for this session
1575838997174	Marionette	INFO	Stopped listening on port 45403
JavaScript error: resource://activity-stream/lib/ActivityStreamPrefs.jsm, line 23: NS_ERROR_ILLEGAL_VALUE: Component returned failure code: 0x80070057 (NS_ERROR_ILLEGAL_VALUE) [nsIPrefBranch.removeObserver]
JavaScript error: resource://activity-stream/lib/PlacesFeed.jsm, line 171: NS_ERROR_UNEXPECTED: Component returned failure code: 0x8000ffff (NS_ERROR_UNEXPECTED) [nsINavHistoryService.addObserver]
JavaScript error: resource://gre/modules/ExtensionSettingsStore.jsm, line 117: Error: The ExtensionSettingsStore was accessed before the initialize promise resolved.
JavaScript error: resource://gre/modules/IndexedDB.jsm, line 364: UnknownError: The operation failed for reasons unrelated to the database itself and not covered by any other error code.
JavaScript error: resource://gre/modules/IndexedDB.jsm, line 364: UnknownError: The operation failed for reasons unrelated to the database itself and not covered by any other error code.
JavaScript error: resource://gre/modules/Sqlite.jsm, line 912: Error: Connection is not open.
console.log: "RemoteSettingsWorker error: UnknownError: The operation failed for reasons unrelated to the database itself and not covered by any other error code."
1575838999313	mozrunner::runner	INFO	Running command: "/usr/bin/firefox" "-marionette" "-foreground" "-no-remote" "-profile" "/tmp/rust_mozprofile.iUxDMGPbUXw4"
1575839000300	addons.webextension.screenshots@mozilla.org	WARN	Loading extension 'screenshots@mozilla.org': Reading manifest: Invalid extension permission: mozillaAddons
1575839000300	addons.webextension.screenshots@mozilla.org	WARN	Loading extension 'screenshots@mozilla.org': Reading manifest: Invalid extension permission: telemetry
1575839000300	addons.webextension.screenshots@mozilla.org	WARN	Loading extension 'screenshots@mozilla.org': Reading manifest: Invalid extension permission: resource://pdf.js/
1575839000301	addons.webextension.screenshots@mozilla.org	WARN	Loading extension 'screenshots@mozilla.org': Reading manifest: Invalid extension permission: about:reader*
JavaScript error: resource:///modules/sessionstore/SessionStore.jsm, line 1325: uncaught exception: 2147746065
1575839003406	Marionette	INFO	Listening on port 34893
1575839003435	Marionette	WARN	TLS certificate errors will be ignored for this session
1575839004382	Marionette	INFO	Stopped listening on port 34893
JavaScript error: resource://activity-stream/lib/ActivityStreamPrefs.jsm, line 23: NS_ERROR_ILLEGAL_VALUE: Component returned failure code: 0x80070057 (NS_ERROR_ILLEGAL_VALUE) [nsIPrefBranch.removeObserver]
[Parent 16338, Gecko_IOThread] WARNING: pipe error: Обрыв канала: file /build/firefox-esr-9TSFEX/firefox-esr-68.2.0esr/ipc/chromium/src/chrome/common/ipc_channel_posix.cc, line 727
JavaScript error: resource://gre/modules/ExtensionSettingsStore.jsm, line 117: Error: The ExtensionSettingsStore was accessed before the initialize promise resolved.
JavaScript error: resource://gre/modules/Sqlite.jsm, line 912: Error: Connection is not open.
1575839025894	mozrunner::runner	INFO	Running command: "/usr/bin/firefox" "-marionette" "-foreground" "-no-remote" "-profile" "/tmp/rust_mozprofile.BQ9qOfrOTQob"
1575839026878	addons.webextension.screenshots@mozilla.org	WARN	Loading extension 'screenshots@mozilla.org': Reading manifest: Invalid extension permission: mozillaAddons
1575839026879	addons.webextension.screenshots@mozilla.org	WARN	Loading extension 'screenshots@mozilla.org': Reading manifest: Invalid extension permission: telemetry
1575839026879	addons.webextension.screenshots@mozilla.org	WARN	Loading extension 'screenshots@mozilla.org': Reading manifest: Invalid extension permission: resource://pdf.js/
1575839026879	addons.webextension.screenshots@mozilla.org	WARN	Loading extension 'screenshots@mozilla.org': Reading manifest: Invalid extension permission: about:reader*
JavaScript error: resource:///modules/sessionstore/SessionStore.jsm, line 1325: uncaught exception: 2147746065
1575839030153	Marionette	INFO	Listening on port 35849
1575839030211	Marionette	WARN	TLS certificate errors will be ignored for this session
1575839032263	Marionette	INFO	Stopped listening on port 35849
1575839035151	mozrunner::runner	INFO	Running command: "/usr/bin/firefox" "-marionette" "-foreground" "-no-remote" "-profile" "/tmp/rust_mozprofile.Ypezv7co1EeU"
1575839036111	addons.webextension.screenshots@mozilla.org	WARN	Loading extension 'screenshots@mozilla.org': Reading manifest: Invalid extension permission: mozillaAddons
1575839036111	addons.webextension.screenshots@mozilla.org	WARN	Loading extension 'screenshots@mozilla.org': Reading manifest: Invalid extension permission: telemetry
1575839036111	addons.webextension.screenshots@mozilla.org	WARN	Loading extension 'screenshots@mozilla.org': Reading manifest: Invalid extension permission: resource://pdf.js/
1575839036111	addons.webextension.screenshots@mozilla.org	WARN	Loading extension 'screenshots@mozilla.org': Reading manifest: Invalid extension permission: about:reader*
JavaScript error: resource:///modules/sessionstore/SessionStore.jsm, line 1325: uncaught exception: 2147746065
1575839039371	Marionette	INFO	Listening on port 33397
1575839039472	Marionette	WARN	TLS certificate errors will be ignored for this session
1575839042358	Marionette	INFO	Stopped listening on port 33397
JavaScript error: resource://gre/modules/UrlClassifierListManager.jsm, line 670: TypeError: this.tablesData[table] is undefined
1575839044537	mozrunner::runner	INFO	Running command: "/usr/bin/firefox" "-marionette" "-foreground" "-no-remote" "-profile" "/tmp/rust_mozprofile.Nw16ZA0wWLiQ"
1575839045672	addons.webextension.screenshots@mozilla.org	WARN	Loading extension 'screenshots@mozilla.org': Reading manifest: Invalid extension permission: mozillaAddons
1575839045673	addons.webextension.screenshots@mozilla.org	WARN	Loading extension 'screenshots@mozilla.org': Reading manifest: Invalid extension permission: telemetry
1575839045673	addons.webextension.screenshots@mozilla.org	WARN	Loading extension 'screenshots@mozilla.org': Reading manifest: Invalid extension permission: resource://pdf.js/
1575839045673	addons.webextension.screenshots@mozilla.org	WARN	Loading extension 'screenshots@mozilla.org': Reading manifest: Invalid extension permission: about:reader*
JavaScript error: resource:///modules/sessionstore/SessionStore.jsm, line 1325: uncaught exception: 2147746065
1575839048785	Marionette	INFO	Listening on port 42713
1575839048857	Marionette	WARN	TLS certificate errors will be ignored for this session
1575839057073	Marionette	INFO	Stopped listening on port 42713

###!!! [Child][MessageChannel] Error: (msgtype=0x530005,name=PHttpChannel::Msg_Cancel) Closed channel: cannot send/recv

1575839060474	mozrunner::runner	INFO	Running command: "/usr/bin/firefox" "-marionette" "-foreground" "-no-remote" "-profile" "/tmp/rust_mozprofile.sJlvedfp2tyw"
1575839061435	addons.webextension.screenshots@mozilla.org	WARN	Loading extension 'screenshots@mozilla.org': Reading manifest: Invalid extension permission: mozillaAddons
1575839061436	addons.webextension.screenshots@mozilla.org	WARN	Loading extension 'screenshots@mozilla.org': Reading manifest: Invalid extension permission: telemetry
1575839061436	addons.webextension.screenshots@mozilla.org	WARN	Loading extension 'screenshots@mozilla.org': Reading manifest: Invalid extension permission: resource://pdf.js/
1575839061436	addons.webextension.screenshots@mozilla.org	WARN	Loading extension 'screenshots@mozilla.org': Reading manifest: Invalid extension permission: about:reader*
JavaScript error: resource:///modules/sessionstore/SessionStore.jsm, line 1325: uncaught exception: 2147746065
1575839064627	Marionette	INFO	Listening on port 37819
1575839064688	Marionette	WARN	TLS certificate errors will be ignored for this session
1575839069115	Marionette	INFO	Stopped listening on port 37819
[Parent 17029, Gecko_IOThread] WARNING: pipe error: Обрыв канала: file /build/firefox-esr-9TSFEX/firefox-esr-68.2.0esr/ipc/chromium/src/chrome/common/ipc_channel_posix.cc, line 727
